Found ConfigField TileEntityRemover_Enabled
Found ConfigField TileEntityTargetList
Ore: gearWood
Ore: gearStone
Ore: gearIron
Ore: gearGold
Ore: gearDiamond
Ore: sandstone
Ore: glass
Ore: oreCoal
Ore: cloth
Ore: blockGold
Ore: blockIron
Ore: blockDiamond
Ore: blockGlowstone
Ore: blockEmerald
Ore: blockRedstone
Ore: coal
Ore: charcoal
Ore: ingotIron
Ore: ingotGold
Ore: dustRedstone
Ore: slimeball
Ore: dustGlowstone
Ore: nuggetGold
Ore: gear
Ore: wire
Ore: battery
Ore: batteryBox
Ore: copperWire
Ore: tinWire
Ore: ironWire
Ore: aluminumWire
Ore: silverWire
Ore: superconductorWire
Fluid: uumatter
Fluid: constructionfoam
Fluid: ic2coolant
Ore: oreCopper
Ore: oreTin
Ore: oreUranium
Ore: oreLead
Ore: treeLeaves
Ore: treeSapling
Ore: woodRubber
Ore: dustStone
Ore: dustBronze
Ore: dustClay
Ore: dustCoal
Ore: dustCopper
Ore: dustGold
Ore: dustIron
Ore: dustSilver
Ore: dustTin
Ore: dustLead
Ore: dustObsidian
Ore: dustLapis
Ore: dustSulfur
Ore: dustLithium
Ore: dustDiamond
Ore: dustSiliconDioxide
Ore: dustHydratedCoal
Ore: dustTinyCopper
Ore: dustTinyGold
Ore: dustTinyIron
Ore: dustTinySilver
Ore: dustTinyTin
Ore: dustTinyLead
Ore: dustTinySulfur
Ore: dustTinyLithium
Ore: itemRubber
Ore: ingotBronze
Ore: ingotCopper
Ore: ingotRefinedIron
Ore: ingotLead
Ore: ingotTin
Ore: ingotSilver
Ore: plateIron
Ore: plateGold
Ore: plateCopper
Ore: plateTin
Ore: plateLead
Ore: plateLapis
Ore: plateObsidian
Ore: plateBronze
Ore: plateDenseIron
Ore: plateDenseGold
Ore: plateDenseCopper
Ore: plateDenseTin
Ore: plateDenseLead
Ore: plateDenseLapis
Ore: plateDenseObsidian
Ore: plateDenseBronze
Ore: crushedIron
Ore: crushedGold
Ore: crushedSilver
Ore: crushedLead
Ore: crushedCopper
Ore: crushedTin
Ore: crushedUranium
Ore: crushedPurifiedIron
Ore: crushedPurifiedGold
Ore: crushedPurifiedSilver
Ore: crushedPurifiedLead
Ore: crushedPurifiedCopper
Ore: crushedPurifiedTin
Ore: crushedPurifiedUranium
Ore: blockBronze
Ore: blockCopper
Ore: blockTin
Ore: blockUranium
Ore: blockLead
Ore: circuitBasic
Ore: circuitAdvanced
Ore: gemDiamond
Ore: gemDiamond
Ore: craftingToolForgeHammer
Ore: craftingToolWireCutter
Fluid: liquidessence
Ore: dustVinteum
Ore: gemBlueTopaz
Ore: gemChimerite
Ore: gemMoonstone
Ore: gemSunstone
Fluid: oil
Fluid: fuel
Fluid: hydrogen
Fluid: oxygen
Fluid: chlorine
Fluid: sulfurdioxidegas
Fluid: sulfurtrioxidegas
Fluid: sulfuricacid
Fluid: hydrogenchloride
Fluid: brine
Fluid: milk
Fluid: sludge
Fluid: sewage
Fluid: mobessence
Fluid: biofuel
Fluid: meat
Fluid: pinkslime
Fluid: chocolatemilk
Fluid: mushroomsoup
Ore: oreYellorite
Ore: blockYellorium
Ore: blockCyanite
Ore: blockGraphite
Ore: blockBlutonium
Ore: ingotYellorium
Ore: ingotCyanite
Ore: ingotGraphite
Ore: ingotBlutonium
Ore: dustYellorium
Ore: dustCyanite
Ore: dustGraphite
Ore: dustBlutonium
Ore: ingotUranium
Ore: ingotPlutonium
Ore: dustUranium
Ore: dustPlutonium
Ore: reactorCasing
Ore: reactorController
Ore: reactorPowerTap
Ore: reactorRedNetPort
Ore: reactorComputerPort
Ore: reactorCoolantPort
Ore: glassReactor
Ore: glassTurbine
Ore: reactorRedstonePort
Ore: turbineHousing
Ore: turbineController
Ore: turbinePowerTap
Ore: turbineFluidPort
Ore: turbineBearing
Ore: turbineRotorShaft
Ore: turbineRotorBlade
Ore: brSmallMachineCyaniteProcessor
Fluid: yellorium
Fluid: cyanite
Fluid: fuelcolumn
Fluid: steam
Ore: gemApatite
Ore: ingotCopper
Ore: ingotTin
Ore: ingotBronze
Ore: brickPeat
Ore: dustAsh
Ore: gearBronze
Ore: gearCopper
Ore: gearTin
Ore: pulpWood
Ore: itemBeeswax
Ore: cropCherry
Ore: cropWalnut
Ore: cropChestnut
Ore: cropLemon
Ore: cropPlum
Ore: cropDate
Ore: cropPapaya
Ore: oreApatite
Ore: oreCopper
Ore: oreTin
Ore: dropHoney
Ore: itemPollen
Ore: dropHoneydew
Ore: dropRoyalJelly
Ore: beeComb
Ore: treeSapling
Ore: logWood
Ore: logWood
Ore: logWood
Ore: logWood
Ore: logWood
Ore: logWood
Ore: logWood
Ore: plankWood
Ore: plankWood
Ore: slabWood
Ore: slabWood
Ore: slabWood
Fluid: short.mead
Ore: gemDiamond
Ore: gemEmerald
Ore: ingotIron
Ore: ingotGold
Ore: gemDiamond
Fluid: acid
Fluid: poison
Fluid: liquidnitrogen
Ore: logWood
Ore: logWood
Ore: logWood
Ore: logWood
Ore: logWood
Ore: logWood
Ore: logWood
Ore: logWood
Ore: logWood
Ore: logWood
Ore: logWood
Ore: logWood
Ore: logWood
Ore: logWood
Ore: logWood
Ore: logWood
Ore: logWood
Ore: logWood
Ore: logWood
Ore: logWood
Ore: logWood
Ore: logWood
Ore: logWood
Ore: logWood
Ore: logWood
Ore: logWood
Ore: logWood
Ore: logWood
Ore: logWood
Ore: logWood
Ore: logWood
Ore: logWood
Ore: logWood
Ore: logWood
Ore: logWood
Ore: logWood
Ore: logWood
Ore: logWood
Ore: logWood
Ore: logWood
Ore: plankWood
Ore: plankWood
Ore: plankWood
Ore: plankWood
Ore: plankWood
Ore: plankWood
Ore: plankWood
Ore: plankWood
Ore: plankWood
Ore: plankWood
Ore: plankWood
Ore: plankWood
Ore: plankWood
Ore: plankWood
Ore: plankWood
Ore: plankWood
Ore: plankWood
Ore: plankWood
Ore: plankWood
Ore: plankWood
Ore: plankWood
Ore: plankWood
Ore: plankWood
Ore: plankWood
Ore: plankWood
Ore: plankWood
Ore: plankWood
Ore: plankWood
Ore: plankWood
Ore: plankWood
Ore: plankWood
Ore: plankWood
Ore: plankWood
Ore: plankWood
Ore: plankWood
Fluid: sap
Fluid: resin
Fluid: latex
Fluid: turpentine
Ore: pulpWood
Ore: cropApple
Ore: cropCrabapple
Ore: cropOrange
Ore: cropKumquat
Ore: cropLime
Ore: cropCherry
Ore: cropWildCherry
Ore: cropCherry
Ore: cropSourCherry
Ore: cropCherry
Ore: cropBlackCherry
Ore: cropBlackthorn
Ore: cropPlum
Ore: cropCherryPlum
Ore: cropAlmond
Ore: cropApricot
Ore: cropGrapefruit
Ore: cropPeach
Ore: cropSatsuma
Ore: cropOrange
Ore: cropBuddhaHand
Ore: cropCitron
Ore: cropCitron
Ore: cropLime
Ore: cropFingerLime
Ore: cropKeyLime
Ore: cropLime
Ore: cropOrange
Ore: cropManderin
Ore: cropPeach
Ore: cropNectarine
Ore: cropPomelo
Ore: cropTangerine
Ore: cropOrange
Ore: cropPear
Ore: cropSandPear
Ore: cropHazelnut
Ore: cropButternut
Ore: cropWalnut
Ore: cropBeechnut
Ore: cropPecan
Ore: cropBanana
Ore: cropRedBanana
Ore: cropBanana
Ore: cropPlantain
Ore: cropBrazilNut
Ore: cropFig
Ore: cropAcorn
Ore: cropElderberry
Ore: cropOlive
Ore: cropGingkoNut
Ore: cropCoffee
Ore: cropOsangeOrange
Ore: cropClove
Ore: cropApple
Ore: cropHops
Ore: seedWheat
Ore: seedWheat
Ore: seedBarley
Ore: seedCorn
Ore: seedRye
Ore: seedRoasted
Fluid: fluxgoo
Ore: oreCinnabar
Ore: oreAmber
Ore: nuggetIron
Ore: nuggetCopper
Ore: nuggetTin
Ore: nuggetSilver
Ore: nuggetLead
Ore: nuggetThaumium
Ore: logWood
Ore: logWood
Ore: plankWood
Ore: plankWood
Fluid: creosote
Ore: nuggetIron
Ore: nuggetSteel
Ore: ingotSteel
Ore: fuelCoke
Ore: dustObsidian
Ore: dustSulfur
Ore: dustSaltpeter
Ore: dustCharcoal
Ore: blockSteel
Ore: oreSulfur
Ore: oreSaltpeter
Ore: oreDiamond
Ore: oreEmerald
Ore: oreLapis
Ore: oreFirestone
Ore: sludge
Ore: oreSilver
Ore: ingotSilver
Ore: ingotLead
Ore: blockSilver
Ore: blockLead
Ore: oreFzDarkIron
Ore: ingotFzDarkIron
Ore: blockFzDarkIron
Ore: sulfuricAcid
Ore: aquaRegia
Ore: dustCoal
Ore: dustIron
Ore: dustGold
Ore: dustCopper
Ore: dustTin
Ore: gearStone
Ore: dustEnderPearl
Ore: itemSilicon
Ore: ingotConductiveIron
Ore: ingotElectricalSteel
Ore: ingotEnergeticAlloy
Ore: ingotVibrantAlloy
Ore: ingotPulsatingIron
Ore: glass
Ore: glassHardened
Ore: glass
Ore: oreCopper
Ore: oreCopper
Ore: oreTin
Ore: oreTin
Ore: oreAluminum
Ore: oreAluminium
Ore: oreNaturalAluminum
Ore: oreSilicon
Ore: oreCheese
Ore: ingotCopper
Ore: ingotTin
Ore: ingotAluminum
Ore: compressedCopper
Ore: compressedTin
Ore: compressedAluminum
Ore: compressedSteel
Ore: compressedBronze
Ore: compressedIron
Ore: waferSolar
Ore: waferBasic
Ore: waferAdvanced
Ore: plateMeteoricIron
Ore: ingotMeteoricIron
Fluid: bacterialsludge
Ore: oreUranium
Ore: elementHydrogen
Ore: elementHelium
Ore: elementLithium
Ore: elementBeryllium
Ore: elementBoron
Ore: elementCarbon
Ore: elementNitrogen
Ore: elementOxygen
Ore: elementFlourine
Ore: elementNeon
Ore: elementSodium
Ore: elementMagnesium
Ore: elementAluminium
Ore: elementSilicon
Ore: elementPhosphorus
Ore: elementSulfur
Ore: elementChlorine
Ore: elementArgon
Ore: elementPotassium
Ore: elementCalcium
Ore: elementScandium
Ore: elementTitanium
Ore: elementVanadium
Ore: elementChromium
Ore: elementManganese
Ore: elementIron
Ore: elementCobalt
Ore: elementNickel
Ore: elementCopper
Ore: elementZinc
Ore: elementGallium
Ore: elementGermanium
Ore: elementArsenic
Ore: elementSelenium
Ore: elementBromine
Ore: elementKrypton
Ore: elementRubidium
Ore: elementStrontium
Ore: elementYttrium
Ore: elementZirconium
Ore: elementNiobium
Ore: elementMolybdenum
Ore: elementTechnetium
Ore: elementRuthenium
Ore: elementRhodium
Ore: elementPalladium
Ore: elementSilver
Ore: elementCadmium
Ore: elementIndium
Ore: elementTin
Ore: elementAntimony
Ore: elementTellurium
Ore: elementIodine
Ore: elementXenon
Ore: elementCaesium
Ore: elementBarium
Ore: elementLanthanum
Ore: elementCerium
Ore: elementPraseodymium
Ore: elementNeodymium
Ore: elementPromethium
Ore: elementSamarium
Ore: elementEuropium
Ore: elementGadolinium
Ore: elementTerbium
Ore: elementDyprosium
Ore: elementHolmium
Ore: elementErbium
Ore: elementThulium
Ore: elementYtterbium
Ore: elementLutetium
Ore: elementHafnium
Ore: elementTantalum
Ore: elementTungsten
Ore: elementRhenium
Ore: elementOsmium
Ore: elementIridium
Ore: elementPlatinum
Ore: elementGold
Ore: elementMercury
Ore: elementThallium
Ore: elementLead
Ore: elementBismuth
Ore: elementPolonium
Ore: elementAstantine
Ore: elementRadon
Ore: elementFrancium
Ore: elementRadium
Ore: elementActinium
Ore: elementThorium
Ore: elementProtactinium
Ore: elementUranium
Ore: elementNeptunium
Ore: elementPlutonium
Ore: elementAmericium
Ore: elementCurium
Ore: elementBerkelium
Ore: elementCalifornium
Ore: elementEinsteinium
Ore: elementFermium
Ore: elementMendelenium
Ore: elementNobelium
Ore: elementLawrencium
Ore: elementRutherfordium
Ore: elementDubnium
Ore: elementSeaborgium
Ore: elementBohrium
Ore: elementHassium
Ore: elementMeitnerium
Ore: elementDarmstadtium
Ore: elementRoenthenium
Ore: elementCopernicium
Ore: elementUnuntrium
Fluid: myst.ink.black
Ore: ingotUranium
Ore: ingotIridium
Ore: solarPanelHV
Ore: sunnariumPart
Ore: sunnarium
Ore: itemSuperconductor
Fluid: xpjuice
Ore: craftingPiston
Ore: craftingPiston
Ore: torchRedstoneActive
Found ConfigField creosote_fermentation
Ore: hambone
Ore: blockRubber
Fluid: iron.molten
Fluid: gold.molten
Fluid: copper.molten
Fluid: tin.molten
Fluid: aluminum.molten
Fluid: cobalt.molten
Fluid: ardite.molten
Fluid: bronze.molten
Fluid: aluminumbrass.molten
Fluid: manyullyn.molten
Fluid: alumite.molten
Fluid: obsidian.molten
Fluid: steel.molten
Fluid: glass.molten
Fluid: stone.seared
Fluid: emerald.liquid
Fluid: blood
Fluid: nickel.molten
Fluid: lead.molten
Fluid: silver.molten
Fluid: platinum.molten
Fluid: invar.molten
Fluid: electrum.molten
Fluid: ender
Fluid: slime.blue
Fluid: glue
Fluid: pigiron.molten
Ore: oreCobalt
Ore: oreArdite
Ore: oreCopper
Ore: oreTin
Ore: oreAluminum
Ore: oreAluminium
Ore: oreIron
Ore: oreGold
Ore: oreCobalt
Ore: oreCopper
Ore: oreTin
Ore: oreAluminum
Ore: oreAluminium
Ore: ingotCobalt
Ore: ingotArdite
Ore: ingotManyullyn
Ore: ingotCopper
Ore: ingotTin
Ore: ingotAluminum
Ore: ingotAluminium
Ore: ingotBronze
Ore: ingotAluminumBrass
Ore: ingotAluminiumBrass
Ore: ingotAlumite
Ore: ingotSteel
Ore: ingotObsidian
Ore: ingotPigIron
Ore: itemRawRubber
Ore: blockCobalt
Ore: blockArdite
Ore: blockManyullyn
Ore: blockCopper
Ore: blockBronze
Ore: blockTin
Ore: blockAluminum
Ore: blockAluminium
Ore: blockAluminumBrass
Ore: blockAluminiumBrass
Ore: blockAlumite
Ore: blockSteel
Ore: blockEnder
Ore: nuggetIron
Ore: nuggetIron
Ore: nuggetCopper
Ore: nuggetCopper
Ore: nuggetTin
Ore: nuggetTin
Ore: nuggetAluminum
Ore: nuggetAluminum
Ore: nuggetAluminium
Ore: nuggetAluminium
Ore: nuggetAluminumBrass
Ore: nuggetAluminiumBrass
Ore: nuggetObsidian
Ore: nuggetCobalt
Ore: nuggetArdite
Ore: nuggetManyullyn
Ore: nuggetBronze
Ore: nuggetAlumite
Ore: nuggetSteel
Ore: nuggetGold
Ore: nuggetPigIron
Ore: dustArdite
Ore: dustCobalt
Ore: dustAluminium
Ore: dustAluminum
Ore: dustManyullyn
Ore: dustAluminiumBrass
Ore: dustAluminumBrass
Ore: slabCloth
Ore: slabCloth
Ore: stoneMossy
Ore: stoneMossy
Ore: crafterWood
Ore: craftingTableWood
Ore: torchStone
Ore: woodRod
Ore: stoneRod
Ore: ironRod
Ore: flintRod
Ore: cactusRod
Ore: boneRod
Ore: obsidianRod
Ore: netherrackRod
Ore: slimeRod
Ore: paperRod
Ore: cobaltRod
Ore: arditeRod
Ore: manyullynRod
Ore: copperRod
Ore: bronzeRod
Ore: alumiteRod
Ore: steelRod
Ore: blueslimeRod
Ore: stickWood
Ore: thaumiumRod
Ore: glassWhite
Ore: glassOrange
Ore: glassMagenta
Ore: glassLightBlue
Ore: glassYellow
Ore: glassLime
Ore: glassPink
Ore: glassGray
Ore: glassLightGray
Ore: glassCyan
Ore: glassPurple
Ore: glassBlue
Ore: glassBrown
Ore: glassGreen
Ore: glassRed
Ore: glassBlack
Ore: slimeball
Ore: slimeball
Ore: slimeball
Ore: slimeball
Ore: glass
Ore: glass
Ore: stickObsidian
Ore: obsidianRod
Ore: glass
Ore: glass
Ore: glass
Ore: glass
Ore: glass
Ore: glass
Ore: glass
Ore: glass
Ore: glass
Ore: glass
Ore: glass
Ore: glass
Ore: glass
Ore: glass
Ore: glass
Ore: glass
Ore: bone
Ore: bone
Ore: bone
Ore: bone
Ore: bone
Ore: bone
Fluid: animal gas
Fluid: hemp resin
Fluid: fluidwitcheryspirit
Fluid: fluidwitcheryhollowtears
Ore: stoneRod
Ore: circuitBasic
Ore: circuitAdvanced
Ore: circuitElite
Ore: motor
Ore: wrench
Ore: dustIron
Ore: dustGold
Ore: dustCoal
Ore: dustObsidian
Ore: dustCopper
Ore: dustTin
Ore: dustSilver
Ore: dustLead
Ore: dustNickel
Ore: dustPlatinum
Ore: dustElectrum
Ore: dustInvar
Ore: dustBronze
Ore: dustEnderium
Ore: ingotCopper
Ore: ingotTin
Ore: ingotSilver
Ore: ingotLead
Ore: ingotNickel
Ore: ingotPlatinum
Ore: ingotElectrum
Ore: ingotInvar
Ore: ingotBronze
Ore: ingotEnderium
Ore: nuggetCopper
Ore: nuggetTin
Ore: nuggetSilver
Ore: nuggetLead
Ore: nuggetNickel
Ore: nuggetPlatinum
Ore: nuggetElectrum
Ore: nuggetInvar
Ore: nuggetBronze
Ore: nuggetEnderium
Ore: dustSulfur
Ore: dustSaltpeter
Ore: crystalCinnabar
Ore: gearCopper
Ore: gearTin
Ore: gearElectrum
Ore: gearInvar
Ore: gearBronze
Ore: oreCopper
Ore: oreTin
Ore: oreSilver
Ore: oreLead
Ore: oreNickel
Ore: blockCopper
Ore: blockTin
Ore: blockSilver
Ore: blockLead
Ore: blockNickel
Ore: blockPlatinum
Ore: blockElectrum
Ore: blockInvar
Ore: blockBronze
Ore: blockEnderium
Ore: glassHardened
Fluid: redstone
Fluid: glowstone
Fluid: pyrotheum
Fluid: cryotheum
Fluid: coal
Fluid: immibis.liquidxp
Ore: stoneRod
Ore: oreCertusQuartz
Ore: crystalCertusQuartz
Ore: dustCertusQuartz
Ore: dustNetherQuartz
Ore: dustEnderPearl
Ore: dustGold
Ore: dustIron
Ore: dustWheat
Ore: oreBlueTopaz
Ore: oreVinteum
Ore: oreChimerite
Ore: oreMoonstone
Ore: oreSunstone
Ore: blockBlueTopaz
Ore: blockVinteum
Ore: blockChimerite
Ore: blockMoonstone
Ore: blockSunstone
Ore: logWood
Ore: stairWood
Ore: plankWood
Ore: slabWood
Ore: gearElectrum
Ore: ingotEnergized
Ore: alloyPlateEnergized
Ore: gearEnergized
Ore: alloyPlateEnergizedHardened
Ore: universalCable
Ore: battery
Ore: pulpWood
Ore: dustObsidian
Ore: itemSalt
Ore: dustSalt
Ore: dustIron
Ore: dustGold
Ore: dustOsmium
Ore: dustRefinedObsidian
Ore: dustDiamond
Ore: dustSteel
Ore: dustCopper
Ore: dustTin
Ore: dustSilver
Ore: dustLead
Ore: dustSulfur
Ore: ingotRefinedObsidian
Ore: ingotOsmium
Ore: ingotBronze
Ore: ingotRefinedGlowstone
Ore: ingotSteel
Ore: ingotCopper
Ore: ingotTin
Ore: blockOsmium
Ore: blockBronze
Ore: blockRefinedObsidian
Ore: blockCharcoal
Ore: blockRefinedGlowstone
Ore: blockSteel
Ore: blockCopper
Ore: blockTin
Ore: dustDirtyIron
Ore: clumpIron
Ore: shardIron
Ore: crystalIron
Ore: dustDirtyGold
Ore: clumpGold
Ore: shardGold
Ore: crystalGold
Ore: dustDirtyOsmium
Ore: clumpOsmium
Ore: shardOsmium
Ore: crystalOsmium
Ore: dustDirtyCopper
Ore: clumpCopper
Ore: shardCopper
Ore: crystalCopper
Ore: dustDirtyTin
Ore: clumpTin
Ore: shardTin
Ore: crystalTin
Ore: dustDirtySilver
Ore: clumpSilver
Ore: shardSilver
Ore: crystalSilver
Ore: dustDirtyObsidian
Ore: clumpObsidian
Ore: shardObsidian
Ore: crystalObsidian
Ore: dustDirtyLead
Ore: clumpLead
Ore: shardLead
Ore: crystalLead
Ore: oreOsmium
Ore: oreCopper
Ore: oreTin
Ore: oreCoal
Ore: ingotIron
Ore: ingotGold
Ore: oreRedstone
Ore: oreRedstone
Ore: circuitBasic
Ore: itemCompressedCarbon
Ore: itemEnrichedAlloy
Ore: itemRubber
Ore: itemRawRubber
Ore: woodRubber
Ore: leavesRubber
Ore: sheetPlastic
Ore: dustPlastic
Ore: ingotMeat
Ore: ingotMeatRaw
Ore: nuggetMeat
Ore: nuggetMeatRaw
Ore: blockMeat
Ore: blockMeatRaw
Ore: itemCharcoalSugar
Ore: cableRedNet
Ore: cableRedNet
Ore: cableRedNetEnergy
Ore: cableRedNetEnergy
Ore: slimeball
Ore: dyeBrown
Ore: fertilizerOrganic
Ore: wireExplosive
Ore: listAllmilk
Ore: slimeball
Ore: glass
Ore: nuggetGold
Ore: ingotGold
Ore: blockSnow
Ore: blockIce
Fluid: glass
Fluid: biomass
Fluid: bioethanol
Fluid: seedoil
Fluid: honey
Fluid: juice
Fluid: ice
Ore: dyeRed
Ore: dyeYellow
Ore: dyeBlue
Ore: dyeGreen
Ore: dyeBlack
Ore: dyeWhite
Ore: dyeBrown
Fluid: liquiddna
Fluid: life essence
Ore: oreCoal
Ore: oreCopper
Ore: oreOilsands
Ore: orePetroleum
Ore: ingotCopper
Ore: ingotSteel
Ore: dustPlastic
Ore: dustCoal
Fluid: diesel
Fluid: refinedfuel
Ore: logWood
Ore: logWood
Ore: treeSapling
Ore: treeLeaves
Ore: treeLeaves
Ore: plankWood
Fluid: liquidforce
Ore: gemForce
Ore: ingotForce
Ore: nuggetForce
Ore: logWood
Ore: plankWood
Ore: slabWood
Ore: stairWood
Ore: treeSapling
Ore: treeLeaves
Ore: stickWood
Ore: itemTear
Ore: itemTear
Ore: itemClaw
Ore: itemBacon
Ore: plateThaumium
Ore: blockAluminum
Ore: blockBronze
Ore: blockCopper
Ore: blockLead
Ore: blockNickel
Ore: blockPlatinum
Ore: blockSilver
Ore: blockSteel
Ore: blockTin
Ore: oreAluminum
Ore: oreTin
Ore: oreEmery
Ore: oreLead
Ore: oreCopper
Ore: oreNickel
Ore: oreRuby
Ore: oreSapphire
Fluid: nutrientwater
Ore: ingotAluminum
Ore: ingotBronze
Ore: ingotCopper
Ore: ingotLead
Ore: ingotNickel
Ore: ingotPlatinum
Ore: ingotSilver
Ore: ingotSteel
Ore: ingotTin
Ore: gemEmery
Ore: gemRuby
Ore: gemSapphire
Ore: limestone
Ore: plankWood
Ore: plankWood
Ore: plankWood
Ore: plankWood
Ore: plankWood
Ore: plankWood
Ore: plankWood
Ore: plankWood
Ore: plankWood
Ore: plankWood
Ore: plankWood
Ore: plankWood
Ore: plankWood
Ore: plankWood
Ore: plankWood
Ore: plankWood
Fluid: slickwater
Ore: dustQuicklime
Ore: groundAluminum
Ore: groundTin
Ore: groundLead
Ore: groundGold
Ore: groundIron
Ore: groundCopper
Ore: groundNickel
Ore: groundSilver
Ore: dustImpureAluminum
Ore: dustImpureCopper
Ore: dustImpureLead
Ore: dustImpureNickel
Ore: dustImpureGold
Ore: dustImpureIron
Ore: dustImpureSilver
Ore: dustImpureTin
Ore: dustAluminum
Ore: dustCopper
Ore: dustGold
Ore: dustIron
Ore: dustLead
Ore: dustNickel
Ore: dustPlatinum
Ore: dustSilver
Ore: dustTin
Ore: groundCobalt
Ore: groundArdite
Ore: dustImpureCobalt
Ore: dustImpureArdite
Ore: dustPureCobalt
Ore: dustPureArdite
Ore: bricksGravel
Ore: enderobsidian
Ore: burntquartz
Ore: icestone
Ore: blockUnstable
Ore: magicinfusedwood
Ore: endercore
Ore: sandyglass
Ore: glass
Ore: glass
Ore: glass
Ore: glass
Ore: glass
Ore: glass
Ore: bricksStone
Ore: bricksStone
Ore: bricksStone
Ore: bricksStone
Ore: bricksStone
Ore: bricksStone
Ore: bricksStone
Ore: bricksStone
Ore: bricksStone
Ore: bricksStone
Ore: bricksStone
Ore: bricksStone
Ore: bricksStone
Ore: bricksStone
Ore: bricksStone
Ore: bricksStone
Ore: plankWood
Ore: plankWood
Ore: plankWood
Ore: plankWood
Ore: plankWood
Ore: plankWood
Ore: plankWood
Ore: plankWood
Ore: plankWood
Ore: plankWood
Ore: plankWood
Ore: plankWood
Ore: plankWood
Ore: plankWood
Ore: plankWood
Ore: plankWood
Ore: compressedCobblestone1x
Ore: compressedCobblestone2x
Ore: compressedCobblestone3x
Ore: compressedCobblestone4x
Ore: compressedCobblestone5x
Ore: compressedCobblestone6x
Ore: compressedCobblestone7x
Ore: compressedCobblestone8x
Ore: compressedDirt1x
Ore: compressedDirt2x
Ore: compressedDirt3x
Ore: compressedDirt4x
Ore: compressedGravel1x
Ore: compressedGravel2x
Ore: compressedSand1x
Ore: compressedSand2x
Ore: ingotUnstable
Ore: nuggetUnstable
Fluid: mutagen
Fluid: protein
Ore: beeComb
Ore: dropHoney
Ore: dyeBlack
Ore: dyeRed
Ore: dyeGreen
Ore: dyeBrown
Ore: dyeBlue
Ore: dyePurple
Ore: dyeCyan
Ore: dyeLightGray
Ore: dyeGray
Ore: dyePink
Ore: dyeLime
Ore: dyeYellow
Ore: dyeLightBlue
Ore: dyeMagenta
Ore: dyeOrange
Ore: dyeWhite
Ore: itemBioFuel
Fluid: minechem chemical: cellulose
Fluid: minechem chemical: water
Fluid: minechem chemical: carbon dioxide
Fluid: minechem chemical: nitrogen dioxide
Fluid: minechem chemical: toluene
Fluid: minechem chemical: potassium nitrate
Fluid: minechem chemical: trinitrotoluene
Fluid: minechem chemical: silicon dioxide
Fluid: minechem chemical: calcite
Fluid: minechem chemical: pyrite
Fluid: minechem chemical: nepheline
Fluid: minechem chemical: sulfate (ion)
Fluid: minechem chemical: noselite
Fluid: minechem chemical: sodalite
Fluid: minechem chemical: nitrate (ion)
Fluid: minechem chemical: carbonate (ion)
Fluid: minechem chemical: potassium cyanide
Fluid: minechem chemical: phosphate (ion)
Fluid: minechem chemical: acetate (ion)
Fluid: minechem chemical: chromate (ion)
Fluid: minechem chemical: hydroxide (ion)
Fluid: minechem chemical: ammonium (ion)
Fluid: minechem chemical: hydronium (ion)
Fluid: minechem chemical: peroxide (ion)
Fluid: minechem chemical: calcium oxide
Fluid: minechem chemical: calcium carbonate
Fluid: minechem chemical: magnesium carbonate
Fluid: minechem chemical: lazurite
Fluid: minechem chemical: isoprene
Fluid: minechem chemical: butene
Fluid: minechem chemical: polyisobutylene rubber
Fluid: minechem chemical: malic acid
Fluid: minechem chemical: vinyl chloride monomer
Fluid: minechem chemical: polyvinyl chloride
Fluid: minechem chemical: methamphetamine
Fluid: minechem chemical: psilocybin
Fluid: minechem chemical: iron (iii) oxide
Fluid: minechem chemical: strontium nitrate
Fluid: minechem chemical: magnetite
Fluid: minechem chemical: magnesium oxide
Fluid: minechem chemical: cucurbitacin
Fluid: minechem chemical: aspartic acid
Fluid: minechem chemical: hydroxylapatite
Fluid: minechem chemical: alanine (amino acid)
Fluid: minechem chemical: glycine (amino acid)
Fluid: minechem chemical: serine  (amino acid)
Fluid: minechem chemical: mescaline
Fluid: minechem chemical: methyl (ion)
Fluid: minechem chemical: methylene (ion)
Fluid: minechem chemical: cyanoacrylate
Fluid: minechem chemical: poly-cyanoacrylate
Fluid: minechem chemical: cobalt(ii) nitrate
Fluid: minechem chemical: potassium dichromate
Fluid: minechem chemical: potassium chromate
Fluid: minechem chemical: nickel(ii) chloride
Fluid: minechem chemical: copper(ii) sulfate
Fluid: minechem chemical: potassium permanganate
Fluid: minechem chemical: zinc green
Fluid: minechem chemical: carbon black
Fluid: minechem chemical: titanium dioxide
Fluid: minechem chemical: metasilicate
Fluid: minechem chemical: beryl
Fluid: minechem chemical: ethyl alcohol
Fluid: minechem chemical: amphetamine
Fluid: minechem chemical: theobromine
Fluid: minechem chemical: starch
Fluid: minechem chemical: sucrose
Fluid: minechem chemical: pantherine
Fluid: minechem chemical: aluminium oxide
Fluid: minechem chemical: carbon nanotubes
Fluid: minechem chemical: keratin
Fluid: minechem chemical: penicillin
Fluid: minechem chemical: testosterone
Fluid: minechem chemical: kaolinite
Fluid: minechem chemical: fingolimod
Fluid: minechem chemical: arginine (amino acid)
Fluid: minechem chemical: shikimic acid
Fluid: minechem chemical: sulfuric acid
Fluid: minechem chemical: glyphosate
Fluid: minechem chemical: aspirin
Fluid: minechem chemical: ddt
Fluid: minechem chemical: dota
Fluid: minechem chemical: t-2 mycotoxin
Fluid: minechem chemical: salt
Fluid: minechem chemical: ammonia
Fluid: minechem chemical: nodularin
Fluid: minechem chemical: ttx (tetrodotoxin)
Fluid: minechem chemical: thc
Fluid: minechem chemical: methylcyclopentadienyl manganese tricarbonyl
Fluid: minechem chemical: tert-butyllithium
Fluid: minechem chemical: chloroplatinic acid
Fluid: minechem chemical: phosgene
Fluid: minechem chemical: allyl alcohol
Fluid: minechem chemical: diphenhydramine
Fluid: minechem chemical: batrachotoxin
Fluid: minechem chemical: retinol
Fluid: minechem chemical: xylitol
Fluid: minechem chemical: aminocyclopyrachlor
Fluid: minechem chemical: alprazolam
Fluid: minechem chemical: hydrogen chloride
Fluid: minechem chemical: cocaine
Fluid: minechem chemical: cocaine hydrochloride
Fluid: minechem chemical: 1,4-dimethyl-7-isopropylazulene (guaiazulene)
Fluid: minechem chemical: pelargonidin
Fluid: minechem chemical: delphinidin
Fluid: minechem chemical: olivine
Fluid: minechem chemical: methylene blue
Fluid: minechem chemical: methyl alcohol
Fluid: minechem chemical: cholesteryl benzoate
Fluid: minechem chemical: radium chloride
Fluid: minechem chemical: caulerpenyne
Fluid: minechem chemical: l-hyoscyamine
Fluid: minechem chemical: gallic acid
Fluid: minechem chemical: glucose
Fluid: minechem chemical: tannic acid
Fluid: minechem chemical: hydrogen peroxide
Fluid: minechem chemical: gallium arsenide
Fluid: minechem chemical: fibroin
Fluid: minechem chemical: aluminium phosphate
Fluid: minechem chemical: potassium oxide
Fluid: minechem chemical: sodium oxide
Fluid: minechem chemical: anorthite
Fluid: minechem chemical: albite
Fluid: minechem chemical: orthoclase
Fluid: minechem chemical: biotite
Fluid: minechem chemical: augite
Fluid: minechem chemical: talc
Fluid: minechem chemical: minechem.molecule.propane
Fluid: minechem chemical: minechem.molecule.peridot
Fluid: minechem chemical: minechem.molecule.fluorinehydroxide
Fluid: minechem chemical: minechem.molecule.topaz
Fluid: minechem chemical: minechem.molecule.zoisite
Fluid: helium
Fluid: lithium
Fluid: beryllium
Fluid: boron
Fluid: carbon
Fluid: nitrogen
Fluid: flourine
Fluid: neon
Fluid: sodium
Fluid: magnesium
Fluid: aluminium
Fluid: silicon
Fluid: phosphorus
Fluid: sulfur
Fluid: argon
Fluid: potassium
Fluid: calcium
Fluid: scandium
Fluid: titanium
Fluid: vanadium
Fluid: chromium
Fluid: manganese
Fluid: iron
Fluid: cobalt
Fluid: nickel
Fluid: copper
Fluid: zinc
Fluid: gallium
Fluid: germanium
Fluid: arsenic
Fluid: selenium
Fluid: bromine
Fluid: krypton
Fluid: rubidium
Fluid: strontium
Fluid: yttrium
Fluid: zirconium
Fluid: niobium
Fluid: molybdenum
Fluid: technetium
Fluid: ruthenium
Fluid: rhodium
Fluid: palladium
Fluid: silver
Fluid: cadmium
Fluid: indium
Fluid: tin
Fluid: antimony
Fluid: tellurium
Fluid: iodine
Fluid: xenon
Fluid: caesium
Fluid: barium
Fluid: lanthanum
Fluid: cerium
Fluid: praseodymium
Fluid: neodymium
Fluid: promethium
Fluid: samarium
Fluid: europium
Fluid: gadolinium
Fluid: terbium
Fluid: dyprosium
Fluid: holmium
Fluid: erbium
Fluid: thulium
Fluid: ytterbium
Fluid: lutetium
Fluid: hafnium
Fluid: tantalum
Fluid: tungsten
Fluid: rhenium
Fluid: osmium
Fluid: iridium
Fluid: platinum
Fluid: gold
Fluid: mercury
Fluid: thallium
Fluid: lead
Fluid: bismuth
Fluid: polonium
Fluid: astantine
Fluid: radon
Fluid: francium
Fluid: radium
Fluid: actinium
Fluid: thorium
Fluid: protactinium
Fluid: uranium
Fluid: neptunium
Fluid: plutonium
Fluid: americium
Fluid: curium
Fluid: berkelium
Fluid: californium
Fluid: einsteinium
Fluid: fermium
Fluid: mendelenium
Fluid: nobelium
Fluid: lawrencium
Fluid: rutherfordium
Fluid: dubnium
Fluid: seaborgium
Fluid: bohrium
Fluid: hassium
Fluid: meitnerium
Fluid: darmstadtium
Fluid: roenthenium
Fluid: copernicium
Fluid: ununtrium
Ore: projredPart
Ore: projredPart
Ore: projredPart
Ore: projredPart
Ore: projredPart
Ore: projredPart
Ore: projredPart
Ore: projredPart
Ore: projredPart
Ore: projredPart
Ore: projredPart
Ore: projredPart
Ore: projredPart
Ore: projredPart
Ore: projredPart
Ore: projredPart
Ore: projredPart
Ore: projredPart
Ore: projredPart
Ore: projredPart
Ore: projredPart
Ore: projredPart
Ore: projredPart
Ore: projredPart
Ore: projredPart
Ore: projredPart
Ore: projredPart
Ore: projredPart
Ore: projredPart
Ore: projredPart
Ore: projredPart
Ore: projredPart
Ore: projredPart
Ore: projredPart
Ore: projredPart
Ore: projredPart
Ore: projredPart
Ore: projredPart
Ore: projredPart
Ore: projredPart
Ore: projredPart
Ore: projredPart
Ore: projredPart
Ore: projredPart
Ore: projredIllumar
Ore: projredIllumar
Ore: projredIllumar
Ore: projredIllumar
Ore: projredIllumar
Ore: projredIllumar
Ore: projredIllumar
Ore: projredIllumar
Ore: projredIllumar
Ore: projredIllumar
Ore: projredIllumar
Ore: projredIllumar
Ore: projredIllumar
Ore: projredIllumar
Ore: projredIllumar
Ore: projredIllumar
Ore: componentWiring
Ore: componentSolenoid
Ore: componentServo
Ore: componentGliderWing
Ore: componentIonThruster
Ore: componentLVCapacitor
Ore: componentMVCapacitor
Ore: componentHVCapacitor
Ore: componentParachute
Ore: componentPlatingBasic
Ore: componentPlatingAdvanced
Ore: componentFieldEmitter
Ore: componentLaserEmitter
Ore: componentCarbonMyofiber
Ore: componentControlCircuit
Ore: componentMyofiberGel
Ore: componentArtificialMuscle
Ore: projredWire
Ore: projredWire
Ore: projredWire
Ore: projredWire
Ore: projredWire
Ore: projredWire
Ore: projredWire
Ore: projredWire
Ore: projredWire
Ore: projredWire
Ore: projredWire
Ore: projredWire
Ore: projredWire
Ore: projredWire
Ore: projredWire
Ore: projredWire
Ore: projredWire
Ore: projredWire
Ore: projredWire
Ore: projredWire
Ore: projredWire
Ore: projredWire
Ore: projredWire
Ore: projredWire
Ore: projredWire
Ore: projredWire
Ore: projredWire
Ore: projredWire
Ore: projredWire
Ore: projredWire
Ore: projredWire
Ore: projredWire
Ore: projredWire
Ore: projredWire
Ore: projredInsFramedWire
Ore: projredInsulatedWire
Ore: projredInsFramedWire
Ore: projredInsulatedWire
Ore: projredInsFramedWire
Ore: projredInsulatedWire
Ore: projredInsFramedWire
Ore: projredInsulatedWire
Ore: projredInsFramedWire
Ore: projredInsulatedWire
Ore: projredInsFramedWire
Ore: projredInsulatedWire
Ore: projredInsFramedWire
Ore: projredInsulatedWire
Ore: projredInsFramedWire
Ore: projredInsulatedWire
Ore: projredInsFramedWire
Ore: projredInsulatedWire
Ore: projredInsFramedWire
Ore: projredInsulatedWire
Ore: projredInsFramedWire
Ore: projredInsulatedWire
Ore: projredInsFramedWire
Ore: projredInsulatedWire
Ore: projredInsFramedWire
Ore: projredInsulatedWire
Ore: projredInsFramedWire
Ore: projredInsulatedWire
Ore: projredInsFramedWire
Ore: projredInsulatedWire
Ore: projredInsFramedWire
Ore: projredInsulatedWire
Ore: projredBundledCable
Ore: projredBundledCable
Ore: projredBundledCable
Ore: projredBundledCable
Ore: projredBundledCable
Ore: projredBundledCable
Ore: projredBundledCable
Ore: projredBundledCable
Ore: projredBundledCable
Ore: projredBundledCable
Ore: projredBundledCable
Ore: projredBundledCable
Ore: projredBundledCable
Ore: projredBundledCable
Ore: projredBundledCable
Ore: projredBundledCable
Ore: projredBundledCable
Ore: oc:adapter
Ore: oc:cable
Ore: oc:capacitor
Ore: oc:case1
Ore: oc:case2
Ore: oc:case3
Ore: oc:charger
Ore: oc:diskDrive
Ore: oc:keyboard
Ore: oc:powerDistributor
Ore: oc:powerConverter
Ore: oc:redstone
Ore: oc:switch
Ore: oc:screen1
Ore: oc:screen2
Ore: oc:screen3
Ore: oc:rack
Ore: oc:hologram1
Ore: oc:accessPoint
Ore: oc:hologram2
Ore: oc:geolyzer
Ore: oc:robotAssembler
Ore: oc:disassembler
Ore: oc:motionSensor
Ore: oc:analyzer
Ore: oc:ram1
Ore: oc:ram3
Ore: oc:ram4
Ore: oc:floppy
Ore: oc:hdd1
Ore: oc:hdd2
Ore: oc:hdd3
Ore: oc:graphicsCard1
Ore: oc:graphicsCard2
Ore: oc:graphicsCard3
Ore: oc:lanCard
Ore: oc:redstoneCard2
Ore: oc:wlanCard
Ore: oc:craftingUpgrade
Ore: oc:generatorUpgrade
Ore: oc:materialCuttingWire
Ore: oc:materialAcid
Ore: oc:materialDisk
Ore: oc:materialButtonGroup
Ore: oc:materialArrowKey
Ore: oc:materialNumPad
Ore: oc:materialTransistor
Ore: oc:circuitChip1
Ore: oc:circuitChip2
Ore: oc:circuitChip3
Ore: oc:materialALU
Ore: oc:materialCU
Ore: oc:cpu1
Ore: oc:materialCircuitBoardRaw
Ore: oc:materialCircuitBoard
Ore: oc:materialCircuitBoardPrinted
Ore: oc:materialCard
Ore: oc:solarGeneratorUpgrade
Ore: oc:signUpgrade
Ore: oc:navigationUpgrade
Ore: oc:ram5
Ore: oc:ram6
Ore: oc:server3
Ore: oc:terminal
Ore: oc:cpu2
Ore: oc:cpu3
Ore: oc:internetCard
Ore: oc:server1
Ore: oc:server2
Ore: oc:materialInterweb
Ore: oc:angelUpgrade
Ore: oc:ram2
Ore: oc:linkedCard
Ore: oc:experienceUpgrade
Ore: oc:inventoryUpgrade
Ore: oc:upgradeContainer1
Ore: oc:upgradeContainer2
Ore: oc:upgradeContainer3
Ore: oc:cardContainer1
Ore: oc:cardContainer2
Ore: oc:cardContainer3
Ore: oc:inventoryControllerUpgrade
Ore: oc:chunkloaderUpgrade
Ore: oc:batteryUpgrade1
Ore: oc:batteryUpgrade2
Ore: oc:batteryUpgrade3
Ore: oc:redstoneCard1
Ore: oc:tractorBeamUpgrade
Ore: oc:componentBus1
Ore: oc:componentBus2
Ore: oc:componentBus3
Ore: oc:tabletCase
Ore: oc:pistonUpgrade
Ore: oc:tankUpgrade
Ore: oc:tankControllerUpgrade
Ore: cropPumpkin
Ore: cropMelon
Ore: cropPotato
Ore: cropCarrot
Fluid: peat
Fluid: vegetable
Setting up meta item: 4602:0 Blacksmithing Hammer
Setting up meta item: 4603:0 Iron Ring
Setting up meta item: 4600:0 Sugar Charcoal
Setting up meta item: 4600:1 Sugar Coke
Setting up meta item: 4600:2 Cactus Charcoal
Setting up meta item: 4600:3 Cactus Coke
Ore: componentSolarPanel
Ore: componentMagnet
Ore: componentComputerChip
Ore: componentRubberHose
Ore: componentLiquidNitrogen
Ore: componentRawCarbon
Fluid: molten redstone
Fluid: molten conductive redmetal
Ore: blockElectrumFlux
Ore: blockCrystalFlux
Ore: dustElectrumFlux
Ore: ingotElectrumFlux
Ore: nuggetElectrumFlux
Ore: gemCrystalFlux
Ore: rodIron
Ore: plankWood
Ore: treeSapling
Ore: logWood
Ore: treeLeaves
Ore: slabWood
Ore: stairWood
Ore: stairWood
Ore: stairWood
Ore: obsidianRod
Ore: stoneBowl
Ore: ingotGold
Ore: ingotIron
Ore: oreGold
Ore: oreIron
Ore: oreLapis
Fluid: molten_meat
Fluid: mixture_meat
Ore: dustMeat
Ore: rubbleMeat
Ore: dustRefinedMeat
Fluid: molten_energetic_alloy
Fluid: mixture_energetic_alloy
Ore: dustEnergeticAlloy
Ore: rubbleEnergeticAlloy
Ore: dustRefinedEnergeticAlloy
Fluid: molten_alumite
Fluid: mixture_alumite
Ore: dustAlumite
Ore: rubbleAlumite
Ore: dustRefinedAlumite
Fluid: molten_electrum_flux
Fluid: mixture_electrum_flux
Ore: dustElectrumFlux
Ore: rubbleElectrumFlux
Ore: dustRefinedElectrumFlux
Fluid: molten_yellorium
Fluid: mixture_yellorium
Ore: dustYellorium
Ore: rubbleYellorium
Ore: dustRefinedYellorium
Fluid: molten_pulsating_iron
Fluid: mixture_pulsating_iron
Ore: dustPulsatingIron
Ore: rubblePulsatingIron
Ore: dustRefinedPulsatingIron
Fluid: molten_iron
Fluid: mixture_iron
Ore: dustIron
Ore: rubbleIron
Ore: dustRefinedIron
Fluid: molten_manyullyn
Fluid: mixture_manyullyn
Ore: dustManyullyn
Ore: rubbleManyullyn
Ore: dustRefinedManyullyn
Fluid: molten_aluminium
Fluid: mixture_aluminium
Ore: dustAluminium
Ore: rubbleAluminium
Ore: dustRefinedAluminium
Fluid: molten_cyanite
Fluid: mixture_cyanite
Ore: dustCyanite
Ore: rubbleCyanite
Ore: dustRefinedCyanite
Fluid: molten_electrum
Fluid: mixture_electrum
Ore: dustElectrum
Ore: rubbleElectrum
Ore: dustRefinedElectrum
Fluid: molten_steel
Fluid: mixture_steel
Ore: dustSteel
Ore: rubbleSteel
Ore: dustRefinedSteel
Fluid: molten_blutonium
Fluid: mixture_blutonium
Ore: dustBlutonium
Ore: rubbleBlutonium
Ore: dustRefinedBlutonium
Fluid: molten_fz_dark_iron
Fluid: mixture_fz_dark_iron
Ore: dustFzDarkIron
Ore: rubbleFzDarkIron
Ore: dustRefinedFzDarkIron
Fluid: molten_unstable
Fluid: mixture_unstable
Ore: dustUnstable
Ore: rubbleUnstable
Ore: dustRefinedUnstable
Fluid: molten_platinum
Fluid: mixture_platinum
Ore: dustPlatinum
Ore: rubblePlatinum
Ore: dustRefinedPlatinum
Fluid: molten_ardite
Fluid: mixture_ardite
Ore: dustArdite
Ore: rubbleArdite
Ore: dustRefinedArdite
Fluid: molten_aluminum_brass
Fluid: mixture_aluminum_brass
Ore: dustAluminumBrass
Ore: rubbleAluminumBrass
Ore: dustRefinedAluminumBrass
Fluid: molten_iridium
Fluid: mixture_iridium
Ore: dustIridium
Ore: rubbleIridium
Ore: dustRefinedIridium
Fluid: molten_meteoric_iron
Fluid: mixture_meteoric_iron
Ore: dustMeteoricIron
Ore: rubbleMeteoricIron
Ore: dustRefinedMeteoricIron
Fluid: molten_cobalt
Fluid: mixture_cobalt
Ore: dustCobalt
Ore: rubbleCobalt
Ore: dustRefinedCobalt
Fluid: molten_enderium
Fluid: mixture_enderium
Ore: dustEnderium
Ore: rubbleEnderium
Ore: dustRefinedEnderium
Fluid: molten_plutonium
Fluid: mixture_plutonium
Ore: dustPlutonium
Ore: rubblePlutonium
Ore: dustRefinedPlutonium
Fluid: molten_vibrant_alloy
Fluid: mixture_vibrant_alloy
Ore: dustVibrantAlloy
Ore: rubbleVibrantAlloy
Ore: dustRefinedVibrantAlloy
Fluid: molten_bronze
Fluid: mixture_bronze
Ore: dustBronze
Ore: rubbleBronze
Ore: dustRefinedBronze
Fluid: molten_refined_obsidian
Fluid: mixture_refined_obsidian
Ore: dustRefinedObsidian
Ore: rubbleRefinedObsidian
Ore: dustRefinedRefinedObsidian
Fluid: molten_lead
Fluid: mixture_lead
Ore: dustLead
Ore: rubbleLead
Ore: dustRefinedLead
Fluid: molten_nickel
Fluid: mixture_nickel
Ore: dustNickel
Ore: rubbleNickel
Ore: dustRefinedNickel
Fluid: molten_meat_raw
Fluid: mixture_meat_raw
Ore: dustMeatRaw
Ore: rubbleMeatRaw
Ore: dustRefinedMeatRaw
Fluid: molten_copper
Fluid: mixture_copper
Ore: dustCopper
Ore: rubbleCopper
Ore: dustRefinedCopper
Fluid: molten_uranium
Fluid: mixture_uranium
Ore: dustUranium
Ore: rubbleUranium
Ore: dustRefinedUranium
Fluid: molten_silver
Fluid: mixture_silver
Ore: dustSilver
Ore: rubbleSilver
Ore: dustRefinedSilver
Fluid: molten_invar
Fluid: mixture_invar
Ore: dustInvar
Ore: rubbleInvar
Ore: dustRefinedInvar
Fluid: molten_tin
Fluid: mixture_tin
Ore: dustTin
Ore: rubbleTin
Ore: dustRefinedTin
Fluid: molten_force
Fluid: mixture_force
Ore: dustForce
Ore: rubbleForce
Ore: dustRefinedForce
Fluid: molten_refined_glowstone
Fluid: mixture_refined_glowstone
Ore: dustRefinedGlowstone
Ore: rubbleRefinedGlowstone
Ore: dustRefinedRefinedGlowstone
Fluid: molten_energized
Fluid: mixture_energized
Ore: dustEnergized
Ore: rubbleEnergized
Ore: dustRefinedEnergized
Fluid: molten_aluminum
Fluid: mixture_aluminum
Ore: dustAluminum
Ore: rubbleAluminum
Ore: dustRefinedAluminum
Fluid: molten_obsidian
Fluid: mixture_obsidian
Ore: dustObsidian
Ore: rubbleObsidian
Ore: dustRefinedObsidian
Fluid: molten_graphite
Fluid: mixture_graphite
Ore: dustGraphite
Ore: rubbleGraphite
Ore: dustRefinedGraphite
Fluid: molten_aluminium_brass
Fluid: mixture_aluminium_brass
Ore: dustAluminiumBrass
Ore: rubbleAluminiumBrass
Ore: dustRefinedAluminiumBrass
Fluid: molten_conductive_iron
Fluid: mixture_conductive_iron
Ore: dustConductiveIron
Ore: rubbleConductiveIron
Ore: dustRefinedConductiveIron
Fluid: molten_gold
Fluid: mixture_gold
Ore: dustGold
Ore: rubbleGold
Ore: dustRefinedGold
Fluid: molten_pig_iron
Fluid: mixture_pig_iron
Ore: dustPigIron
Ore: rubblePigIron
Ore: dustRefinedPigIron
Fluid: molten_osmium
Fluid: mixture_osmium
Ore: dustOsmium
Ore: rubbleOsmium
Ore: dustRefinedOsmium
Fluid: molten_electrical_steel
Fluid: mixture_electrical_steel
Ore: dustElectricalSteel
Ore: rubbleElectricalSteel
Ore: dustRefinedElectricalSteel
Ore: glassWhite
Ore: glassPaneWhite
Ore: dyeCeramicWhite
Ore: glassOrange
Ore: glassPaneOrange
Ore: dyeCeramicOrange
Ore: glassMagenta
Ore: glassPaneMagenta
Ore: dyeCeramicMagenta
Ore: glassLightBlue
Ore: glassPaneLightBlue
Ore: dyeCeramicLightBlue
Ore: glassYellow
Ore: glassPaneYellow
Ore: dyeCeramicYellow
Ore: glassLime
Ore: glassPaneLime
Ore: dyeCeramicLime
Ore: glassPink
Ore: glassPanePink
Ore: dyeCeramicPink
Ore: glassGray
Ore: glassPaneGray
Ore: dyeCeramicGray
Ore: glassLightGray
Ore: glassPaneLightGray
Ore: dyeCeramicLightGray
Ore: glassCyan
Ore: glassPaneCyan
Ore: dyeCeramicCyan
Ore: glassPurple
Ore: glassPanePurple
Ore: dyeCeramicPurple
Ore: glassBlue
Ore: glassPaneBlue
Ore: dyeCeramicBlue
Ore: glassBrown
Ore: glassPaneBrown
Ore: dyeCeramicBrown
Ore: glassGreen
Ore: glassPaneGreen
Ore: dyeCeramicGreen
Ore: glassRed
Ore: glassPaneRed
Ore: dyeCeramicRed
Ore: glassBlack
Ore: glassPaneBlack
Ore: dyeCeramicBlack
Ore: stone
Ore: stone
Ore: cobblestone
Ore: cobblestone
Ore: ingotIron
Ore: ingotGold
Ore: gemDiamond
Ore: gemEmerald
Ore: gemLapis
Ore: beeComb
Ore: fz.waterBucketLike
Ore: fz.waterBucketLike
Ore: fz.waterBucketLike
Ore: fz.waterBucketLike
Ore: fz.waterBucketLike
Ore: dirtyGravelIron
Ore: cleanGravelIron
Ore: reducedIron
Ore: crystallineIron
Ore: dirtyGravelGold
Ore: cleanGravelGold
Ore: reducedGold
Ore: crystallineGold
Ore: dirtyGravelLead
Ore: cleanGravelLead
Ore: reducedLead
Ore: crystallineLead
Ore: dirtyGravelTin
Ore: cleanGravelTin
Ore: reducedTin
Ore: crystallineTin
Ore: dirtyGravelCopper
Ore: cleanGravelCopper
Ore: reducedCopper
Ore: crystallineCopper
Ore: dirtyGravelGalena
Ore: cleanGravelGalena
Ore: reducedGalena
Ore: crystallineGalena
Ore: dirtyGravelSilver
Ore: cleanGravelSilver
Ore: reducedSilver
Ore: crystallineSilver
Ore: dirtyGravelCobalt
Ore: cleanGravelCobalt
Ore: reducedCobalt
Ore: crystallineCobalt
Ore: dirtyGravelArdite
Ore: cleanGravelArdite
Ore: reducedArdite
Ore: crystallineArdite
Ore: dirtyGravelDark Iron
Ore: cleanGravelDark Iron
Ore: reducedDark Iron
Ore: crystallineDark Iron
Ore: itemSilicon
Ore: greggy_greg_do_please_kindly_stuff_a_sock_in_it
Ore: ingotAluminium
Ore: ingotDesh
Ore: plateDesh
Ore: greggy_greg_do_please_kindly_stuff_a_sock_in_it
Ore: itemCharcoalSugar
Ore: itemCokeSugar
Ore: itemCharcoalCactus
Ore: itemCokeCactus
Ore: craftingTableWood
Ore: craftingTable
